[debug] [2026-03-23T21:05:52.360Z] ----------------------------------------------------------------------
[debug] [2026-03-23T21:05:52.361Z] Command:       C:\Program Files\nodejs\node.exe C:\Users\eng_a\AppData\Roaming\npm\node_modules\firebase-tools\lib\bin\firebase.js deploy --project genba
[debug] [2026-03-23T21:05:52.362Z] CLI Version:   15.5.1
[debug] [2026-03-23T21:05:52.362Z] Platform:      win32
[debug] [2026-03-23T21:05:52.362Z] Node Version:  v24.11.0
[debug] [2026-03-23T21:05:52.362Z] Time:          Tue Mar 24 2026 08:05:52 GMT+1100 (Australian Eastern Daylight Time)
[debug] [2026-03-23T21:05:52.362Z] ----------------------------------------------------------------------
[debug] 
[debug] [2026-03-23T21:05:53.348Z] > command requires scopes: ["email","openid","https://www.googleapis.com/auth/cloudplatformprojects.readonly","https://www.googleapis.com/auth/firebase","https://www.googleapis.com/auth/cloud-platform"]
[debug] [2026-03-23T21:05:53.348Z] > authorizing via signed-in user (eng.a.redwan@gmail.com)
[debug] [2026-03-23T21:05:53.349Z] [iam] checking project genba for permissions ["datastore.indexes.create","datastore.indexes.delete","datastore.indexes.list","datastore.indexes.update","firebase.projects.get","firebasehosting.sites.update"]
[debug] [2026-03-23T21:05:53.349Z] Checked if tokens are valid: true, expires at: 1774303547918
[debug] [2026-03-23T21:05:53.349Z] Checked if tokens are valid: true, expires at: 1774303547918
[debug] [2026-03-23T21:05:53.350Z] >>> [apiv2][query] POST https://cloudresourcemanager.googleapis.com/v1/projects/genba:testIamPermissions [none]
[debug] [2026-03-23T21:05:53.350Z] >>> [apiv2][(partial)header] POST https://cloudresourcemanager.googleapis.com/v1/projects/genba:testIamPermissions  x-goog-user-project=genba
[debug] [2026-03-23T21:05:53.350Z] >>> [apiv2][body] POST https://cloudresourcemanager.googleapis.com/v1/projects/genba:testIamPermissions {"permissions":["datastore.indexes.create","datastore.indexes.delete","datastore.indexes.list","datastore.indexes.update","firebase.projects.get","firebasehosting.sites.update"]}
[debug] [2026-03-23T21:05:54.626Z] <<< [apiv2][status] POST https://cloudresourcemanager.googleapis.com/v1/projects/genba:testIamPermissions 400
[debug] [2026-03-23T21:05:54.626Z] <<< [apiv2][body] POST https://cloudresourcemanager.googleapis.com/v1/projects/genba:testIamPermissions {"error":{"code":400,"message":"Project 'projects/genba' not found or deleted.","status":"INVALID_ARGUMENT","details":[{"@type":"type.googleapis.com/google.rpc.ErrorInfo","reason":"USER_PROJECT_DENIED","domain":"googleapis.com","metadata":{"containerInfo":"projects/genba","service":"cloudresourcemanager.googleapis.com","consumer":"projects/genba"}}]}}
[debug] [2026-03-23T21:05:54.627Z] [iam] error while checking permissions, command may fail: Request to https://cloudresourcemanager.googleapis.com/v1/projects/genba:testIamPermissions had HTTP Error: 400, Project 'projects/genba' not found or deleted.
[debug] [2026-03-23T21:05:54.627Z] Checked if tokens are valid: true, expires at: 1774303547918
[debug] [2026-03-23T21:05:54.627Z] Checked if tokens are valid: true, expires at: 1774303547918
[debug] [2026-03-23T21:05:54.627Z] >>> [apiv2][query] GET https://firebase.googleapis.com/v1beta1/projects/genba [none]
[debug] [2026-03-23T21:05:55.583Z] <<< [apiv2][status] GET https://firebase.googleapis.com/v1beta1/projects/genba 403
[debug] [2026-03-23T21:05:55.583Z] <<< [apiv2][body] GET https://firebase.googleapis.com/v1beta1/projects/genba {"error":{"code":403,"message":"The caller does not have permission","status":"PERMISSION_DENIED"}}
[debug] [2026-03-23T21:05:55.584Z] Request to https://firebase.googleapis.com/v1beta1/projects/genba had HTTP Error: 403, The caller does not have permission
[debug] [2026-03-23T21:05:55.786Z] FirebaseError: Request to https://firebase.googleapis.com/v1beta1/projects/genba had HTTP Error: 403, The caller does not have permission
    at responseToError (C:\Users\eng_a\AppData\Roaming\npm\node_modules\firebase-tools\lib\responseToError.js:53:12)
    at RetryOperation._fn (C:\Users\eng_a\AppData\Roaming\npm\node_modules\firebase-tools\lib\apiv2.js:330:77)
    at process.processTicksAndRejections (node:internal/process/task_queues:105:5)
[error] 
[error] Error: Failed to get Firebase project genba. Please make sure the project exists and your account has permission to access it.
